INFO  | 2019-09-09 13:57:25 | [main] exchangerates.ExchangeRatesService (ExchangeRates.java:18) - Initializing...
INFO  | 2019-09-09 13:57:25 | [main] exchangerates.ExchangeRatesService (ExchangeRates.java:19) - /home/feliksas/work/exchangerates
INFO  | 2019-09-09 13:57:25 | [main] exchangerates.ExchangeRatesService (ExchangeRates.java:27) - Retrieving rates page...
INFO  | 2019-09-09 14:01:21 | [main] exchangerates.ExchangeRatesService (ExchangeRates.java:18) - Initializing...
INFO  | 2019-09-09 14:01:21 | [main] exchangerates.ExchangeRatesService (ExchangeRates.java:19) - /home/feliksas/work/exchangerates
INFO  | 2019-09-09 14:01:21 | [main] exchangerates.ExchangeRatesService (ExchangeRates.java:27) - Retrieving rates page...
DEBUG | 2019-09-09 14:01:22 | [main] currencystorage.CurrencyStorageService (Mysql.java:57) - CREATE TABLE: 0
INFO  | 2019-09-09 14:02:46 | [main] exchangerates.ExchangeRatesService (ExchangeRates.java:18) - Initializing...
INFO  | 2019-09-09 14:02:46 | [main] exchangerates.ExchangeRatesService (ExchangeRates.java:19) - /home/feliksas/work/exchangerates
INFO  | 2019-09-09 14:02:46 | [main] exchangerates.ExchangeRatesService (ExchangeRates.java:27) - Retrieving rates page...
DEBUG | 2019-09-09 14:02:47 | [main] exchangerates.ExchangeRatesService (ExchangeRates.java:22) - Rates: {CHF=1.0928, HRK=7.4038, MXN=21.655, ZAR=16.2808, INR=79.0805, CNY=7.8442, THB=33.819, AUD=1.6135, ILS=3.878, KRW=1314.72, JPY=118.01, PLN=4.3394, GBP=0.89635, IDR=15532.63, HUF=330.11, PHP=57.208, TRY=6.2875, RUB=72.5679, ISK=139.3, HKD=8.6446, DKK=7.4614, USD=1.1027, CAD=1.4583, MYR=4.6098, BGN=1.9558, NOK=9.923, RON=4.7325, SGD=1.5229, CZK=25.836, SEK=10.635, NZD=1.7208, BRL=4.5145}
DEBUG | 2019-09-09 14:02:47 | [main] currencystorage.CurrencyStorageService (Mysql.java:57) - CREATE TABLE: 0
INFO  | 2019-09-09 14:03:01 | [main] exchangerates.ExchangeRatesService (ExchangeRates.java:18) - Initializing...
INFO  | 2019-09-09 14:03:01 | [main] exchangerates.ExchangeRatesService (ExchangeRates.java:26) - Retrieving rates page...
DEBUG | 2019-09-09 14:03:02 | [main] exchangerates.ExchangeRatesService (ExchangeRates.java:21) - Rates: {CHF=1.0928, HRK=7.4038, MXN=21.655, ZAR=16.2808, INR=79.0805, CNY=7.8442, THB=33.819, AUD=1.6135, ILS=3.878, KRW=1314.72, JPY=118.01, PLN=4.3394, GBP=0.89635, IDR=15532.63, HUF=330.11, PHP=57.208, TRY=6.2875, RUB=72.5679, ISK=139.3, HKD=8.6446, DKK=7.4614, USD=1.1027, CAD=1.4583, MYR=4.6098, BGN=1.9558, NOK=9.923, RON=4.7325, SGD=1.5229, CZK=25.836, SEK=10.635, NZD=1.7208, BRL=4.5145}
DEBUG | 2019-09-09 14:03:02 | [main] currencystorage.CurrencyStorageService (Mysql.java:57) - CREATE TABLE: 0
INFO  | 2019-09-09 14:46:25 | [main] exchangerates.ExchangeRatesService (ExchangeRates.java:18) - Initializing...
INFO  | 2019-09-09 14:46:25 | [main] exchangerates.ExchangeRatesService (ExchangeRates.java:26) - Retrieving rates page...
DEBUG | 2019-09-09 14:46:27 | [main] exchangerates.ExchangeRatesService (ExchangeRates.java:21) - Rates: {CHF=1.0928, HRK=7.4038, MXN=21.655, ZAR=16.2808, INR=79.0805, CNY=7.8442, THB=33.819, AUD=1.6135, ILS=3.878, KRW=1314.72, JPY=118.01, PLN=4.3394, GBP=0.89635, IDR=15532.63, HUF=330.11, PHP=57.208, TRY=6.2875, RUB=72.5679, ISK=139.3, HKD=8.6446, DKK=7.4614, USD=1.1027, CAD=1.4583, MYR=4.6098, BGN=1.9558, NOK=9.923, RON=4.7325, SGD=1.5229, CZK=25.836, SEK=10.635, NZD=1.7208, BRL=4.5145}
DEBUG | 2019-09-09 14:46:28 | [main] currencystorage.CurrencyStorageService (Mysql.java:59) - CREATE TABLE: 0
INFO  | 2019-09-09 15:12:24 | [main] exchangerates.ExchangeRatesService (ExchangeRates.java:18) - Initializing...
INFO  | 2019-09-09 15:12:24 | [main] exchangerates.ExchangeRatesService (ExchangeRates.java:29) - Retrieving rates page...
DEBUG | 2019-09-09 15:12:27 | [main] exchangerates.ExchangeRatesService (ExchangeRates.java:23) - Rates: {CHF=1.0928, HRK=7.4038, MXN=21.655, ZAR=16.2808, INR=79.0805, CNY=7.8442, THB=33.819, AUD=1.6135, ILS=3.878, KRW=1314.72, JPY=118.01, PLN=4.3394, GBP=0.89635, IDR=15532.63, HUF=330.11, PHP=57.208, TRY=6.2875, RUB=72.5679, ISK=139.3, HKD=8.6446, DKK=7.4614, USD=1.1027, CAD=1.4583, MYR=4.6098, BGN=1.9558, NOK=9.923, RON=4.7325, SGD=1.5229, CZK=25.836, SEK=10.635, NZD=1.7208, BRL=4.5145}
INFO  | 2019-09-09 15:13:14 | [main] exchangerates.ExchangeRatesService (ExchangeRates.java:18) - Initializing...
INFO  | 2019-09-09 15:13:14 | [main] exchangerates.ExchangeRatesService (ExchangeRates.java:29) - Retrieving rates page...
DEBUG | 2019-09-09 15:13:15 | [main] exchangerates.ExchangeRatesService (ExchangeRates.java:23) - Rates: {CHF=1.0928, HRK=7.4038, MXN=21.655, ZAR=16.2808, INR=79.0805, CNY=7.8442, THB=33.819, AUD=1.6135, ILS=3.878, KRW=1314.72, JPY=118.01, PLN=4.3394, GBP=0.89635, IDR=15532.63, HUF=330.11, PHP=57.208, TRY=6.2875, RUB=72.5679, ISK=139.3, HKD=8.6446, DKK=7.4614, USD=1.1027, CAD=1.4583, MYR=4.6098, BGN=1.9558, NOK=9.923, RON=4.7325, SGD=1.5229, CZK=25.836, SEK=10.635, NZD=1.7208, BRL=4.5145}
DEBUG | 2019-09-09 15:13:15 | [main] currencystorage.CurrencyStorageService (Mysql.java:60) - CREATE TABLE: 0
INFO  | 2019-09-09 15:14:28 | [main] exchangerates.ExchangeRatesService (ExchangeRates.java:18) - Initializing...
INFO  | 2019-09-09 15:14:28 | [main] exchangerates.ExchangeRatesService (ExchangeRates.java:29) - Retrieving rates page...
DEBUG | 2019-09-09 15:14:29 | [main] exchangerates.ExchangeRatesService (ExchangeRates.java:23) - Rates: {CHF=1.0928, HRK=7.4038, MXN=21.655, ZAR=16.2808, INR=79.0805, CNY=7.8442, THB=33.819, AUD=1.6135, ILS=3.878, KRW=1314.72, JPY=118.01, PLN=4.3394, GBP=0.89635, IDR=15532.63, HUF=330.11, PHP=57.208, TRY=6.2875, RUB=72.5679, ISK=139.3, HKD=8.6446, DKK=7.4614, USD=1.1027, CAD=1.4583, MYR=4.6098, BGN=1.9558, NOK=9.923, RON=4.7325, SGD=1.5229, CZK=25.836, SEK=10.635, NZD=1.7208, BRL=4.5145}
DEBUG | 2019-09-09 15:14:29 | [main] currencystorage.CurrencyStorageService (Mysql.java:60) - CREATE TABLE: 0
DEBUG | 2019-09-09 15:14:29 | [main] currencystorage.CurrencyStorageService (Mysql.java:73) - com.mysql.cj.jdbc.ClientPreparedStatement: INSERT INTO exchange_rates(currency,spot,date) VALUES('BRL',4.5145,'2019-09-09') ON DUPLICATE KEY UPDATE
INFO  | 2019-09-09 15:23:59 | [main] exchangerates.ExchangeRatesService (ExchangeRates.java:18) - Initializing...
INFO  | 2019-09-09 15:23:59 | [main] exchangerates.ExchangeRatesService (ExchangeRates.java:29) - Retrieving rates page...
DEBUG | 2019-09-09 15:24:00 | [main] exchangerates.ExchangeRatesService (ExchangeRates.java:23) - Rates: {CHF=1.0928, HRK=7.4038, MXN=21.655, ZAR=16.2808, INR=79.0805, CNY=7.8442, THB=33.819, AUD=1.6135, ILS=3.878, KRW=1314.72, JPY=118.01, PLN=4.3394, GBP=0.89635, IDR=15532.63, HUF=330.11, PHP=57.208, TRY=6.2875, RUB=72.5679, ISK=139.3, HKD=8.6446, DKK=7.4614, USD=1.1027, CAD=1.4583, MYR=4.6098, BGN=1.9558, NOK=9.923, RON=4.7325, SGD=1.5229, CZK=25.836, SEK=10.635, NZD=1.7208, BRL=4.5145}
DEBUG | 2019-09-09 15:24:01 | [main] currencystorage.CurrencyStorageService (Mysql.java:61) - CREATE TABLE: 0
DEBUG | 2019-09-09 15:24:01 | [main] currencystorage.CurrencyStorageService (Mysql.java:74) - com.mysql.cj.jdbc.ClientPreparedStatement: INSERT INTO exchange_rates(currency,spot,date) VALUES('BRL',4.5145,'2019-09-09 15:24:01.115') ON DUPLICATE KEY UPDATE
INFO  | 2019-09-09 16:39:11 | [main] exchangerates.ExchangeRatesService (ExchangeRates.java:18) - Initializing...
INFO  | 2019-09-09 16:39:11 | [main] exchangerates.ExchangeRatesService (ExchangeRates.java:29) - Retrieving rates page...
DEBUG | 2019-09-09 16:39:14 | [main] exchangerates.ExchangeRatesService (ExchangeRates.java:23) - Rates: {CHF=1.0928, HRK=7.4038, MXN=21.655, ZAR=16.2808, INR=79.0805, CNY=7.8442, THB=33.819, AUD=1.6135, ILS=3.878, KRW=1314.72, JPY=118.01, PLN=4.3394, GBP=0.89635, IDR=15532.63, HUF=330.11, PHP=57.208, TRY=6.2875, RUB=72.5679, ISK=139.3, HKD=8.6446, DKK=7.4614, USD=1.1027, CAD=1.4583, MYR=4.6098, BGN=1.9558, NOK=9.923, RON=4.7325, SGD=1.5229, CZK=25.836, SEK=10.635, NZD=1.7208, BRL=4.5145}
DEBUG | 2019-09-09 16:39:14 | [main] currencystorage.CurrencyStorageService (Mysql.java:61) - CREATE TABLE: 0
DEBUG | 2019-09-09 16:39:14 | [main] currencystorage.CurrencyStorageService (Mysql.java:75) - com.mysql.cj.jdbc.ClientPreparedStatement: INSERT INTO exchange_rates(currency,spot,date) VALUES('BRL',4.5145,'2019-09-09 16:39:14.387')ON DUPLICATE KEY UPDATE spot = VALUES(spot)
DEBUG | 2019-09-09 16:39:14 | [main] currencystorage.CurrencyStorageService (Mysql.java:77) - INSERT: %s
INFO  | 2019-09-09 16:39:51 | [main] exchangerates.ExchangeRatesService (ExchangeRates.java:18) - Initializing...
INFO  | 2019-09-09 16:39:51 | [main] exchangerates.ExchangeRatesService (ExchangeRates.java:29) - Retrieving rates page...
DEBUG | 2019-09-09 16:39:53 | [main] exchangerates.ExchangeRatesService (ExchangeRates.java:23) - Rates: {CHF=1.0928, HRK=7.4038, MXN=21.655, ZAR=16.2808, INR=79.0805, CNY=7.8442, THB=33.819, AUD=1.6135, ILS=3.878, KRW=1314.72, JPY=118.01, PLN=4.3394, GBP=0.89635, IDR=15532.63, HUF=330.11, PHP=57.208, TRY=6.2875, RUB=72.5679, ISK=139.3, HKD=8.6446, DKK=7.4614, USD=1.1027, CAD=1.4583, MYR=4.6098, BGN=1.9558, NOK=9.923, RON=4.7325, SGD=1.5229, CZK=25.836, SEK=10.635, NZD=1.7208, BRL=4.5145}
DEBUG | 2019-09-09 16:39:53 | [main] currencystorage.CurrencyStorageService (Mysql.java:61) - CREATE TABLE: 0
DEBUG | 2019-09-09 16:39:53 | [main] currencystorage.CurrencyStorageService (Mysql.java:75) - com.mysql.cj.jdbc.ClientPreparedStatement: INSERT INTO exchange_rates(currency,spot,date) VALUES('BRL',4.5145,'2019-09-09 16:39:53.308')ON DUPLICATE KEY UPDATE spot = VALUES(spot)
DEBUG | 2019-09-09 16:39:53 | [main] currencystorage.CurrencyStorageService (Mysql.java:77) - INSERT: [I@bd4dc25
INFO  | 2019-09-09 16:41:38 | [main] exchangerates.ExchangeRatesService (ExchangeRates.java:18) - Initializing...
INFO  | 2019-09-09 16:41:38 | [main] exchangerates.ExchangeRatesService (ExchangeRates.java:29) - Retrieving rates page...
DEBUG | 2019-09-09 16:41:39 | [main] exchangerates.ExchangeRatesService (ExchangeRates.java:23) - Rates: {CHF=1.0928, HRK=7.4038, MXN=21.655, ZAR=16.2808, INR=79.0805, CNY=7.8442, THB=33.819, AUD=1.6135, ILS=3.878, KRW=1314.72, JPY=118.01, PLN=4.3394, GBP=0.89635, IDR=15532.63, HUF=330.11, PHP=57.208, TRY=6.2875, RUB=72.5679, ISK=139.3, HKD=8.6446, DKK=7.4614, USD=1.1027, CAD=1.4583, MYR=4.6098, BGN=1.9558, NOK=9.923, RON=4.7325, SGD=1.5229, CZK=25.836, SEK=10.635, NZD=1.7208, BRL=4.5145}
DEBUG | 2019-09-09 16:41:40 | [main] currencystorage.CurrencyStorageService (Mysql.java:61) - CREATE TABLE: 0
DEBUG | 2019-09-09 16:41:40 | [main] currencystorage.CurrencyStorageService (Mysql.java:75) - com.mysql.cj.jdbc.ClientPreparedStatement: INSERT INTO exchange_rates(currency,spot,date) VALUES('BRL',4.5145,'2019-09-09 16:41:40.149')ON DUPLICATE KEY UPDATE spot = VALUES(spot)
DEBUG | 2019-09-09 16:41:40 | [main] currencystorage.CurrencyStorageService (Mysql.java:77) - INSERT: [I@bd4dc25
INFO  | 2019-09-09 16:46:19 | [main] exchangerates.ExchangeRatesService (ExchangeRates.java:18) - Initializing...
INFO  | 2019-09-09 16:46:19 | [main] exchangerates.ExchangeRatesService (ExchangeRates.java:29) - Retrieving rates page...
DEBUG | 2019-09-09 16:46:20 | [main] exchangerates.ExchangeRatesService (ExchangeRates.java:23) - Rates: {CHF=1.0928, HRK=7.4038, MXN=21.655, ZAR=16.2808, INR=79.0805, CNY=7.8442, THB=33.819, AUD=1.6135, ILS=3.878, KRW=1314.72, JPY=118.01, PLN=4.3394, GBP=0.89635, IDR=15532.63, HUF=330.11, PHP=57.208, TRY=6.2875, RUB=72.5679, ISK=139.3, HKD=8.6446, DKK=7.4614, USD=1.1027, CAD=1.4583, MYR=4.6098, BGN=1.9558, NOK=9.923, RON=4.7325, SGD=1.5229, CZK=25.836, SEK=10.635, NZD=1.7208, BRL=4.5145}
DEBUG | 2019-09-09 16:46:20 | [main] currencystorage.CurrencyStorageService (Mysql.java:60) - CREATE TABLE: 0
DEBUG | 2019-09-09 16:46:20 | [main] currencystorage.CurrencyStorageService (Mysql.java:74) - com.mysql.cj.jdbc.ClientPreparedStatement: INSERT INTO exchange_rates(currency,spot,date) VALUES('BRL',4.5145,'2019-09-09')ON DUPLICATE KEY UPDATE spot = VALUES(spot)
DEBUG | 2019-09-09 16:46:20 | [main] currencystorage.CurrencyStorageService (Mysql.java:76) - INSERT: [I@bd4dc25
INFO  | 2019-09-09 16:47:09 | [main] exchangerates.ExchangeRatesService (ExchangeRates.java:18) - Initializing...
INFO  | 2019-09-09 16:47:09 | [main] exchangerates.ExchangeRatesService (ExchangeRates.java:29) - Retrieving rates page...
DEBUG | 2019-09-09 16:47:10 | [main] exchangerates.ExchangeRatesService (ExchangeRates.java:23) - Rates: {CHF=1.0928, HRK=7.4038, MXN=21.655, ZAR=16.2808, INR=79.0805, CNY=7.8442, THB=33.819, AUD=1.6135, ILS=3.878, KRW=1314.72, JPY=118.01, PLN=4.3394, GBP=0.89635, IDR=15532.63, HUF=330.11, PHP=57.208, TRY=6.2875, RUB=72.5679, ISK=139.3, HKD=8.6446, DKK=7.4614, USD=1.1027, CAD=1.4583, MYR=4.6098, BGN=1.9558, NOK=9.923, RON=4.7325, SGD=1.5229, CZK=25.836, SEK=10.635, NZD=1.7208, BRL=4.5145}
DEBUG | 2019-09-09 16:47:10 | [main] currencystorage.CurrencyStorageService (Mysql.java:60) - CREATE TABLE: 0
DEBUG | 2019-09-09 16:47:10 | [main] currencystorage.CurrencyStorageService (Mysql.java:74) - com.mysql.cj.jdbc.ClientPreparedStatement: INSERT INTO exchange_rates(currency,spot,date) VALUES('BRL',4.5145,'2019-09-09')ON DUPLICATE KEY UPDATE spot = VALUES(spot)
DEBUG | 2019-09-09 16:47:10 | [main] currencystorage.CurrencyStorageService (Mysql.java:76) - INSERT: [I@bd4dc25
INFO  | 2019-09-09 16:49:21 | [main] exchangerates.ExchangeRatesService (ExchangeRates.java:18) - Initializing...
INFO  | 2019-09-09 16:49:21 | [main] exchangerates.ExchangeRatesService (ExchangeRates.java:29) - Retrieving rates page...
DEBUG | 2019-09-09 16:49:22 | [main] exchangerates.ExchangeRatesService (ExchangeRates.java:23) - Rates: {CHF=1.0928, HRK=7.4038, MXN=21.655, ZAR=16.2808, INR=79.0805, CNY=7.8442, THB=33.819, AUD=1.6135, ILS=3.878, KRW=1314.72, JPY=118.01, PLN=4.3394, GBP=0.89635, IDR=15532.63, HUF=330.11, PHP=57.208, TRY=6.2875, RUB=72.5679, ISK=139.3, HKD=8.6446, DKK=7.4614, USD=1.1027, CAD=1.4583, MYR=4.6098, BGN=1.9558, NOK=9.923, RON=4.7325, SGD=1.5229, CZK=25.836, SEK=10.635, NZD=1.7208, BRL=4.5145}
DEBUG | 2019-09-09 16:49:23 | [main] currencystorage.CurrencyStorageService (Mysql.java:61) - CREATE TABLE: 0
DEBUG | 2019-09-09 16:49:23 | [main] currencystorage.CurrencyStorageService (Mysql.java:75) - com.mysql.cj.jdbc.ClientPreparedStatement: INSERT INTO exchange_rates(currency,spot,date) VALUES('BRL',4.5145,'2019-09-09')ON DUPLICATE KEY UPDATE spot = VALUES(spot)
DEBUG | 2019-09-09 16:49:23 | [main] currencystorage.CurrencyStorageService (Mysql.java:77) - INSERT: [1, 1, 1, 1, 1, 1, 1, 1, 1, 1, 1, 1, 1, 1, 1, 1, 1, 1, 1, 1, 1, 1, 1, 1, 1, 1, 1, 1, 1, 1, 1, 1]
INFO  | 2019-09-09 16:59:30 | [main] exchangerates.ExchangeRatesService (ExchangeRates.java:18) - Initializing...
INFO  | 2019-09-09 16:59:30 | [main] exchangerates.ExchangeRatesService (ExchangeRates.java:29) - Retrieving rates page...
DEBUG | 2019-09-09 16:59:31 | [main] exchangerates.ExchangeRatesService (ExchangeRates.java:23) - Rates: {CHF=1.0928, HRK=7.4038, MXN=21.655, ZAR=16.2808, INR=79.0805, CNY=7.8442, THB=33.819, AUD=1.6135, ILS=3.878, KRW=1314.72, JPY=118.01, PLN=4.3394, GBP=0.89635, IDR=15532.63, HUF=330.11, PHP=57.208, TRY=6.2875, RUB=72.5679, ISK=139.3, HKD=8.6446, DKK=7.4614, USD=1.1027, CAD=1.4583, MYR=4.6098, BGN=1.9558, NOK=9.923, RON=4.7325, SGD=1.5229, CZK=25.836, SEK=10.635, NZD=1.7208, BRL=4.5145}
DEBUG | 2019-09-09 16:59:31 | [main] currencystorage.CurrencyStorageService (Mysql.java:62) - CREATE TABLE: 0
DEBUG | 2019-09-09 16:59:32 | [main] currencystorage.CurrencyStorageService (Mysql.java:77) - INSERT: [1, 1, 1, 1, 1, 1, 1, 1, 1, 1, 1, 1, 1, 1, 1, 1, 1, 1, 1, 1, 1, 1, 1, 1, 1, 1, 1, 1, 1, 1, 1, 1]
INFO  | 2019-09-09 17:54:13 | [main] exchangerates.ExchangeRatesService (ExchangeRates.java:18) - Initializing...
INFO  | 2019-09-09 17:54:13 | [main] exchangerates.ExchangeRatesService (ExchangeRates.java:30) - Retrieving rates page...
DEBUG | 2019-09-09 17:54:14 | [main] exchangerates.ExchangeRatesService (ExchangeRates.java:23) - Rates: {CHF=1.0923, HRK=7.3975, MXN=21.5254, ZAR=16.1931, INR=79.0815, CNY=7.861, THB=33.8, AUD=1.6066, ILS=3.8906, KRW=1315.99, JPY=118.01, PLN=4.3335, GBP=0.89275, IDR=15498.1, HUF=329.93, PHP=57.195, TRY=6.3176, RUB=72.1849, ISK=139.1, HKD=8.6503, DKK=7.4598, USD=1.1033, CAD=1.4515, MYR=4.6015, BGN=1.9558, NOK=9.8663, RON=4.7297, SGD=1.5223, CZK=25.855, SEK=10.6598, NZD=1.7129, BRL=4.4764}
INFO  | 2019-09-09 17:54:14 | [main] currencystorage.CurrencyStorageService (Mysql.java:32) - Establishing database connection...
DEBUG | 2019-09-09 17:54:15 | [main] currencystorage.CurrencyStorageService (Mysql.java:63) - CREATE TABLE: 0
INFO  | 2019-09-09 17:54:15 | [main] exchangerates.ExchangeRatesService (ExchangeRates.java:25) - Saving data to database...
DEBUG | 2019-09-09 17:54:15 | [main] currencystorage.CurrencyStorageService (Mysql.java:78) - INSERT: [2, 2, 2, 2, 2, 2, 2, 2, 2, 2, 1, 2, 2, 2, 2, 2, 2, 2, 2, 2, 2, 2, 2, 2, 1, 2, 2, 2, 2, 2, 2, 2]
INFO  | 2019-09-09 17:58:48 | [main] exchangerates.ExchangeRatesService (ExchangeRates.java:20) - Initializing...
INFO  | 2019-09-09 17:58:48 | [main] exchangerates.ExchangeRatesService (ExchangeRates.java:38) - Retrieving rates page...
DEBUG | 2019-09-09 17:58:49 | [main] exchangerates.ExchangeRatesService (ExchangeRates.java:25) - Rates: {CHF=1.0923, HRK=7.3975, MXN=21.5254, ZAR=16.1931, INR=79.0815, CNY=7.861, THB=33.8, AUD=1.6066, ILS=3.8906, KRW=1315.99, JPY=118.01, PLN=4.3335, GBP=0.89275, IDR=15498.1, HUF=329.93, PHP=57.195, TRY=6.3176, RUB=72.1849, ISK=139.1, HKD=8.6503, DKK=7.4598, USD=1.1033, CAD=1.4515, MYR=4.6015, BGN=1.9558, NOK=9.8663, RON=4.7297, SGD=1.5223, CZK=25.855, SEK=10.6598, NZD=1.7129, BRL=4.4764}
INFO  | 2019-09-09 17:58:49 | [main] currencystorage.CurrencyStorageService (Mysql.java:32) - Establishing database connection...
DEBUG | 2019-09-09 17:58:50 | [main] currencystorage.CurrencyStorageService (Mysql.java:63) - CREATE TABLE: 0
INFO  | 2019-09-09 17:58:50 | [main] exchangerates.ExchangeRatesService (ExchangeRates.java:27) - Saving data to database...
DEBUG | 2019-09-09 17:58:50 | [main] currencystorage.CurrencyStorageService (Mysql.java:78) - INSERT: [1, 1, 1, 1, 1, 1, 1, 1, 1, 1, 1, 1, 1, 1, 1, 1, 1, 1, 1, 1, 1, 1, 1, 1, 1, 1, 1, 1, 1, 1, 1, 1]
INFO  | 2019-09-09 17:58:50 | [main] exchangerates.ExchangeRatesService (ExchangeRates.java:31) - Getting info from database...
INFO  | 2019-09-09 17:58:50 | [main] exchangerates.ExchangeRatesService (ExchangeRates.java:34) - {}
INFO  | 2019-09-09 18:00:46 | [main] exchangerates.ExchangeRatesService (ExchangeRates.java:20) - Initializing...
INFO  | 2019-09-09 18:00:46 | [main] exchangerates.ExchangeRatesService (ExchangeRates.java:38) - Retrieving rates page...
DEBUG | 2019-09-09 18:00:47 | [main] exchangerates.ExchangeRatesService (ExchangeRates.java:25) - Rates: {CHF=1.0923, HRK=7.3975, MXN=21.5254, ZAR=16.1931, INR=79.0815, CNY=7.861, THB=33.8, AUD=1.6066, ILS=3.8906, KRW=1315.99, JPY=118.01, PLN=4.3335, GBP=0.89275, IDR=15498.1, HUF=329.93, PHP=57.195, TRY=6.3176, RUB=72.1849, ISK=139.1, HKD=8.6503, DKK=7.4598, USD=1.1033, CAD=1.4515, MYR=4.6015, BGN=1.9558, NOK=9.8663, RON=4.7297, SGD=1.5223, CZK=25.855, SEK=10.6598, NZD=1.7129, BRL=4.4764}
INFO  | 2019-09-09 18:00:47 | [main] currencystorage.CurrencyStorageService (Mysql.java:31) - Establishing database connection...
DEBUG | 2019-09-09 18:00:47 | [main] currencystorage.CurrencyStorageService (Mysql.java:62) - CREATE TABLE: 0
INFO  | 2019-09-09 18:00:47 | [main] exchangerates.ExchangeRatesService (ExchangeRates.java:27) - Saving data to database...
DEBUG | 2019-09-09 18:00:48 | [main] currencystorage.CurrencyStorageService (Mysql.java:77) - INSERT: [1, 1, 1, 1, 1, 1, 1, 1, 1, 1, 1, 1, 1, 1, 1, 1, 1, 1, 1, 1, 1, 1, 1, 1, 1, 1, 1, 1, 1, 1, 1, 1]
INFO  | 2019-09-09 18:00:48 | [main] exchangerates.ExchangeRatesService (ExchangeRates.java:31) - Getting info from database...
INFO  | 2019-09-09 18:00:48 | [main] exchangerates.ExchangeRatesService (ExchangeRates.java:34) - {}
INFO  | 2019-09-09 18:01:35 | [main] exchangerates.ExchangeRatesService (ExchangeRates.java:20) - Initializing...
INFO  | 2019-09-09 18:01:35 | [main] exchangerates.ExchangeRatesService (ExchangeRates.java:39) - Retrieving rates page...
DEBUG | 2019-09-09 18:01:36 | [main] exchangerates.ExchangeRatesService (ExchangeRates.java:25) - Rates: {CHF=1.0923, HRK=7.3975, MXN=21.5254, ZAR=16.1931, INR=79.0815, CNY=7.861, THB=33.8, AUD=1.6066, ILS=3.8906, KRW=1315.99, JPY=118.01, PLN=4.3335, GBP=0.89275, IDR=15498.1, HUF=329.93, PHP=57.195, TRY=6.3176, RUB=72.1849, ISK=139.1, HKD=8.6503, DKK=7.4598, USD=1.1033, CAD=1.4515, MYR=4.6015, BGN=1.9558, NOK=9.8663, RON=4.7297, SGD=1.5223, CZK=25.855, SEK=10.6598, NZD=1.7129, BRL=4.4764}
INFO  | 2019-09-09 18:01:36 | [main] currencystorage.CurrencyStorageService (Mysql.java:31) - Establishing database connection...
DEBUG | 2019-09-09 18:01:36 | [main] currencystorage.CurrencyStorageService (Mysql.java:62) - CREATE TABLE: 0
INFO  | 2019-09-09 18:01:36 | [main] exchangerates.ExchangeRatesService (ExchangeRates.java:27) - Saving data to database...
DEBUG | 2019-09-09 18:01:36 | [main] currencystorage.CurrencyStorageService (Mysql.java:77) - INSERT: [1, 1, 1, 1, 1, 1, 1, 1, 1, 1, 1, 1, 1, 1, 1, 1, 1, 1, 1, 1, 1, 1, 1, 1, 1, 1, 1, 1, 1, 1, 1, 1]
INFO  | 2019-09-09 18:01:36 | [main] exchangerates.ExchangeRatesService (ExchangeRates.java:31) - Getting info from database...
DEBUG | 2019-09-09 18:01:36 | [main] exchangerates.ExchangeRatesService (ExchangeRates.java:33) - {}
INFO  | 2019-09-09 18:01:36 | [main] exchangerates.ExchangeRatesService (ExchangeRates.java:35) - {}
INFO  | 2019-09-09 18:08:21 | [main] exchangerates.ExchangeRatesService (ExchangeRates.java:20) - Initializing...
INFO  | 2019-09-09 18:08:21 | [main] exchangerates.ExchangeRatesService (ExchangeRates.java:39) - Retrieving rates page...
DEBUG | 2019-09-09 18:08:22 | [main] exchangerates.ExchangeRatesService (ExchangeRates.java:25) - Rates: {CHF=1.0923, HRK=7.3975, MXN=21.5254, ZAR=16.1931, INR=79.0815, CNY=7.861, THB=33.8, AUD=1.6066, ILS=3.8906, KRW=1315.99, JPY=118.01, PLN=4.3335, GBP=0.89275, IDR=15498.1, HUF=329.93, PHP=57.195, TRY=6.3176, RUB=72.1849, ISK=139.1, HKD=8.6503, DKK=7.4598, USD=1.1033, CAD=1.4515, MYR=4.6015, BGN=1.9558, NOK=9.8663, RON=4.7297, SGD=1.5223, CZK=25.855, SEK=10.6598, NZD=1.7129, BRL=4.4764}
INFO  | 2019-09-09 18:08:22 | [main] currencystorage.CurrencyStorageService (Mysql.java:31) - Establishing database connection...
DEBUG | 2019-09-09 18:08:23 | [main] currencystorage.CurrencyStorageService (Mysql.java:62) - CREATE TABLE: 0
INFO  | 2019-09-09 18:08:23 | [main] exchangerates.ExchangeRatesService (ExchangeRates.java:27) - Saving data to database...
DEBUG | 2019-09-09 18:08:23 | [main] currencystorage.CurrencyStorageService (Mysql.java:77) - INSERT: [1, 1, 1, 1, 1, 1, 1, 1, 1, 1, 1, 1, 1, 1, 1, 1, 1, 1, 1, 1, 1, 1, 1, 1, 1, 1, 1, 1, 1, 1, 1, 1]
INFO  | 2019-09-09 18:08:23 | [main] exchangerates.ExchangeRatesService (ExchangeRates.java:31) - Getting info from database...
DEBUG | 2019-09-09 18:08:23 | [main] currencystorage.CurrencyStorageService (Mysql.java:98) - com.mysql.cj.jdbc.result.ResultSetImpl@1da2cb77
DEBUG | 2019-09-09 18:08:23 | [main] exchangerates.ExchangeRatesService (ExchangeRates.java:33) - {}
INFO  | 2019-09-09 18:08:23 | [main] exchangerates.ExchangeRatesService (ExchangeRates.java:35) - {}
INFO  | 2019-09-09 18:11:14 | [main] exchangerates.ExchangeRatesService (ExchangeRates.java:20) - Initializing...
INFO  | 2019-09-09 18:11:14 | [main] exchangerates.ExchangeRatesService (ExchangeRates.java:39) - Retrieving rates page...
DEBUG | 2019-09-09 18:11:15 | [main] exchangerates.ExchangeRatesService (ExchangeRates.java:25) - Rates: {CHF=1.0923, HRK=7.3975, MXN=21.5254, ZAR=16.1931, INR=79.0815, CNY=7.861, THB=33.8, AUD=1.6066, ILS=3.8906, KRW=1315.99, JPY=118.01, PLN=4.3335, GBP=0.89275, IDR=15498.1, HUF=329.93, PHP=57.195, TRY=6.3176, RUB=72.1849, ISK=139.1, HKD=8.6503, DKK=7.4598, USD=1.1033, CAD=1.4515, MYR=4.6015, BGN=1.9558, NOK=9.8663, RON=4.7297, SGD=1.5223, CZK=25.855, SEK=10.6598, NZD=1.7129, BRL=4.4764}
INFO  | 2019-09-09 18:11:15 | [main] currencystorage.CurrencyStorageService (Mysql.java:31) - Establishing database connection...
DEBUG | 2019-09-09 18:11:15 | [main] currencystorage.CurrencyStorageService (Mysql.java:62) - CREATE TABLE: 0
INFO  | 2019-09-09 18:11:15 | [main] exchangerates.ExchangeRatesService (ExchangeRates.java:27) - Saving data to database...
DEBUG | 2019-09-09 18:11:15 | [main] currencystorage.CurrencyStorageService (Mysql.java:77) - INSERT: [1, 1, 1, 1, 1, 1, 1, 1, 1, 1, 1, 1, 1, 1, 1, 1, 1, 1, 1, 1, 1, 1, 1, 1, 1, 1, 1, 1, 1, 1, 1, 1]
INFO  | 2019-09-09 18:11:15 | [main] exchangerates.ExchangeRatesService (ExchangeRates.java:31) - Getting info from database...
DEBUG | 2019-09-09 18:11:15 | [main] currencystorage.CurrencyStorageService (Mysql.java:98) - 0
DEBUG | 2019-09-09 18:11:15 | [main] exchangerates.ExchangeRatesService (ExchangeRates.java:33) - {}
INFO  | 2019-09-09 18:11:15 | [main] exchangerates.ExchangeRatesService (ExchangeRates.java:35) - {}
INFO  | 2019-09-09 18:12:16 | [main] exchangerates.ExchangeRatesService (ExchangeRates.java:20) - Initializing...
INFO  | 2019-09-09 18:12:16 | [main] exchangerates.ExchangeRatesService (ExchangeRates.java:39) - Retrieving rates page...
DEBUG | 2019-09-09 18:12:17 | [main] exchangerates.ExchangeRatesService (ExchangeRates.java:25) - Rates: {CHF=1.0923, HRK=7.3975, MXN=21.5254, ZAR=16.1931, INR=79.0815, CNY=7.861, THB=33.8, AUD=1.6066, ILS=3.8906, KRW=1315.99, JPY=118.01, PLN=4.3335, GBP=0.89275, IDR=15498.1, HUF=329.93, PHP=57.195, TRY=6.3176, RUB=72.1849, ISK=139.1, HKD=8.6503, DKK=7.4598, USD=1.1033, CAD=1.4515, MYR=4.6015, BGN=1.9558, NOK=9.8663, RON=4.7297, SGD=1.5223, CZK=25.855, SEK=10.6598, NZD=1.7129, BRL=4.4764}
INFO  | 2019-09-09 18:12:17 | [main] currencystorage.CurrencyStorageService (Mysql.java:31) - Establishing database connection...
DEBUG | 2019-09-09 18:12:17 | [main] currencystorage.CurrencyStorageService (Mysql.java:62) - CREATE TABLE: 0
INFO  | 2019-09-09 18:12:17 | [main] exchangerates.ExchangeRatesService (ExchangeRates.java:27) - Saving data to database...
DEBUG | 2019-09-09 18:12:17 | [main] currencystorage.CurrencyStorageService (Mysql.java:77) - INSERT: [1, 1, 1, 1, 1, 1, 1, 1, 1, 1, 1, 1, 1, 1, 1, 1, 1, 1, 1, 1, 1, 1, 1, 1, 1, 1, 1, 1, 1, 1, 1, 1]
INFO  | 2019-09-09 18:12:17 | [main] exchangerates.ExchangeRatesService (ExchangeRates.java:31) - Getting info from database...
DEBUG | 2019-09-09 18:12:17 | [main] currencystorage.CurrencyStorageService (Mysql.java:95) - SELECT currency, spot from exchange_rates WHERE date = 2019-09-09
DEBUG | 2019-09-09 18:12:17 | [main] currencystorage.CurrencyStorageService (Mysql.java:99) - 0
DEBUG | 2019-09-09 18:12:17 | [main] exchangerates.ExchangeRatesService (ExchangeRates.java:33) - {}
INFO  | 2019-09-09 18:12:17 | [main] exchangerates.ExchangeRatesService (ExchangeRates.java:35) - {}
INFO  | 2019-09-09 18:14:30 | [main] exchangerates.ExchangeRatesService (ExchangeRates.java:20) - Initializing...
INFO  | 2019-09-09 18:14:30 | [main] exchangerates.ExchangeRatesService (ExchangeRates.java:39) - Retrieving rates page...
DEBUG | 2019-09-09 18:14:32 | [main] exchangerates.ExchangeRatesService (ExchangeRates.java:25) - Rates: {CHF=1.0923, HRK=7.3975, MXN=21.5254, ZAR=16.1931, INR=79.0815, CNY=7.861, THB=33.8, AUD=1.6066, ILS=3.8906, KRW=1315.99, JPY=118.01, PLN=4.3335, GBP=0.89275, IDR=15498.1, HUF=329.93, PHP=57.195, TRY=6.3176, RUB=72.1849, ISK=139.1, HKD=8.6503, DKK=7.4598, USD=1.1033, CAD=1.4515, MYR=4.6015, BGN=1.9558, NOK=9.8663, RON=4.7297, SGD=1.5223, CZK=25.855, SEK=10.6598, NZD=1.7129, BRL=4.4764}
INFO  | 2019-09-09 18:14:32 | [main] currencystorage.CurrencyStorageService (Mysql.java:31) - Establishing database connection...
DEBUG | 2019-09-09 18:14:32 | [main] currencystorage.CurrencyStorageService (Mysql.java:62) - CREATE TABLE: 0
INFO  | 2019-09-09 18:14:32 | [main] exchangerates.ExchangeRatesService (ExchangeRates.java:27) - Saving data to database...
DEBUG | 2019-09-09 18:14:32 | [main] currencystorage.CurrencyStorageService (Mysql.java:77) - INSERT: [1, 1, 1, 1, 1, 1, 1, 1, 1, 1, 1, 1, 1, 1, 1, 1, 1, 1, 1, 1, 1, 1, 1, 1, 1, 1, 1, 1, 1, 1, 1, 1]
INFO  | 2019-09-09 18:14:32 | [main] exchangerates.ExchangeRatesService (ExchangeRates.java:31) - Getting info from database...
DEBUG | 2019-09-09 18:14:32 | [main] currencystorage.CurrencyStorageService (Mysql.java:95) - SELECT currency, spot FROM 'exchange_rates' WHERE 'date = '2019-09-09''
INFO  | 2019-09-09 18:15:18 | [main] exchangerates.ExchangeRatesService (ExchangeRates.java:20) - Initializing...
INFO  | 2019-09-09 18:15:18 | [main] exchangerates.ExchangeRatesService (ExchangeRates.java:39) - Retrieving rates page...
DEBUG | 2019-09-09 18:15:20 | [main] exchangerates.ExchangeRatesService (ExchangeRates.java:25) - Rates: {CHF=1.0923, HRK=7.3975, MXN=21.5254, ZAR=16.1931, INR=79.0815, CNY=7.861, THB=33.8, AUD=1.6066, ILS=3.8906, KRW=1315.99, JPY=118.01, PLN=4.3335, GBP=0.89275, IDR=15498.1, HUF=329.93, PHP=57.195, TRY=6.3176, RUB=72.1849, ISK=139.1, HKD=8.6503, DKK=7.4598, USD=1.1033, CAD=1.4515, MYR=4.6015, BGN=1.9558, NOK=9.8663, RON=4.7297, SGD=1.5223, CZK=25.855, SEK=10.6598, NZD=1.7129, BRL=4.4764}
INFO  | 2019-09-09 18:15:20 | [main] currencystorage.CurrencyStorageService (Mysql.java:31) - Establishing database connection...
DEBUG | 2019-09-09 18:15:21 | [main] currencystorage.CurrencyStorageService (Mysql.java:62) - CREATE TABLE: 0
INFO  | 2019-09-09 18:15:21 | [main] exchangerates.ExchangeRatesService (ExchangeRates.java:27) - Saving data to database...
DEBUG | 2019-09-09 18:15:21 | [main] currencystorage.CurrencyStorageService (Mysql.java:77) - INSERT: [1, 1, 1, 1, 1, 1, 1, 1, 1, 1, 1, 1, 1, 1, 1, 1, 1, 1, 1, 1, 1, 1, 1, 1, 1, 1, 1, 1, 1, 1, 1, 1]
INFO  | 2019-09-09 18:15:21 | [main] exchangerates.ExchangeRatesService (ExchangeRates.java:31) - Getting info from database...
DEBUG | 2019-09-09 18:15:21 | [main] currencystorage.CurrencyStorageService (Mysql.java:95) - SELECT currency, spot FROM exchange_rates WHERE date = '2019-09-09'
DEBUG | 2019-09-09 18:15:21 | [main] currencystorage.CurrencyStorageService (Mysql.java:99) - 0
INFO  | 2019-09-09 18:15:44 | [main] exchangerates.ExchangeRatesService (ExchangeRates.java:20) - Initializing...
INFO  | 2019-09-09 18:15:44 | [main] exchangerates.ExchangeRatesService (ExchangeRates.java:39) - Retrieving rates page...
DEBUG | 2019-09-09 18:15:45 | [main] exchangerates.ExchangeRatesService (ExchangeRates.java:25) - Rates: {CHF=1.0923, HRK=7.3975, MXN=21.5254, ZAR=16.1931, INR=79.0815, CNY=7.861, THB=33.8, AUD=1.6066, ILS=3.8906, KRW=1315.99, JPY=118.01, PLN=4.3335, GBP=0.89275, IDR=15498.1, HUF=329.93, PHP=57.195, TRY=6.3176, RUB=72.1849, ISK=139.1, HKD=8.6503, DKK=7.4598, USD=1.1033, CAD=1.4515, MYR=4.6015, BGN=1.9558, NOK=9.8663, RON=4.7297, SGD=1.5223, CZK=25.855, SEK=10.6598, NZD=1.7129, BRL=4.4764}
INFO  | 2019-09-09 18:15:45 | [main] currencystorage.CurrencyStorageService (Mysql.java:31) - Establishing database connection...
DEBUG | 2019-09-09 18:15:45 | [main] currencystorage.CurrencyStorageService (Mysql.java:62) - CREATE TABLE: 0
INFO  | 2019-09-09 18:15:45 | [main] exchangerates.ExchangeRatesService (ExchangeRates.java:27) - Saving data to database...
DEBUG | 2019-09-09 18:15:45 | [main] currencystorage.CurrencyStorageService (Mysql.java:77) - INSERT: [1, 1, 1, 1, 1, 1, 1, 1, 1, 1, 1, 1, 1, 1, 1, 1, 1, 1, 1, 1, 1, 1, 1, 1, 1, 1, 1, 1, 1, 1, 1, 1]
INFO  | 2019-09-09 18:15:45 | [main] exchangerates.ExchangeRatesService (ExchangeRates.java:31) - Getting info from database...
DEBUG | 2019-09-09 18:15:45 | [main] currencystorage.CurrencyStorageService (Mysql.java:95) - SELECT date, currency, spot FROM exchange_rates WHERE date = '2019-09-09'
DEBUG | 2019-09-09 18:15:45 | [main] currencystorage.CurrencyStorageService (Mysql.java:99) - 0
DEBUG | 2019-09-09 18:15:45 | [main] exchangerates.ExchangeRatesService (ExchangeRates.java:33) - {CHF={2019-09-09=1.0923}, HRK={2019-09-09=7.3975}, MXN={2019-09-09=21.5254}, ZAR={2019-09-09=16.1931}, INR={2019-09-09=79.0815}, CNY={2019-09-09=7.861}, THB={2019-09-09=33.8}, AUD={2019-09-09=1.6066}, ILS={2019-09-09=3.8906}, KRW={2019-09-09=1315.99}, JPY={2019-09-09=118.01}, PLN={2019-09-09=4.3335}, GBP={2019-09-09=0.89275}, IDR={2019-09-09=15498.1}, HUF={2019-09-09=329.93}, PHP={2019-09-09=57.195}, TRY={2019-09-09=6.3176}, RUB={2019-09-09=72.1849}, HKD={2019-09-09=8.6503}, ISK={2019-09-09=139.1}, DKK={2019-09-09=7.4598}, CAD={2019-09-09=1.4515}, MYR={2019-09-09=4.6015}, USD={2019-09-09=1.1033}, BGN={2019-09-09=1.9558}, NOK={2019-09-09=9.8663}, RON={2019-09-09=4.7297}, SGD={2019-09-09=1.5223}, CZK={2019-09-09=25.855}, SEK={2019-09-09=10.6598}, NZD={2019-09-09=1.7129}, BRL={2019-09-09=4.4764}}
INFO  | 2019-09-09 18:15:45 | [main] exchangerates.ExchangeRatesService (ExchangeRates.java:35) - {"CHF":{"2019-09-09":1.0923},"HRK":{"2019-09-09":7.3975},"MXN":{"2019-09-09":21.5254},"ZAR":{"2019-09-09":16.1931},"INR":{"2019-09-09":79.0815},"CNY":{"2019-09-09":7.861},"THB":{"2019-09-09":33.8},"AUD":{"2019-09-09":1.6066},"ILS":{"2019-09-09":3.8906},"KRW":{"2019-09-09":1315.99},"JPY":{"2019-09-09":118.01},"PLN":{"2019-09-09":4.3335},"GBP":{"2019-09-09":0.89275},"IDR":{"2019-09-09":15498.1},"HUF":{"2019-09-09":329.93},"PHP":{"2019-09-09":57.195},"TRY":{"2019-09-09":6.3176},"RUB":{"2019-09-09":72.1849},"HKD":{"2019-09-09":8.6503},"ISK":{"2019-09-09":139.1},"DKK":{"2019-09-09":7.4598},"CAD":{"2019-09-09":1.4515},"MYR":{"2019-09-09":4.6015},"USD":{"2019-09-09":1.1033},"BGN":{"2019-09-09":1.9558},"NOK":{"2019-09-09":9.8663},"RON":{"2019-09-09":4.7297},"SGD":{"2019-09-09":1.5223},"CZK":{"2019-09-09":25.855},"SEK":{"2019-09-09":10.6598},"NZD":{"2019-09-09":1.7129},"BRL":{"2019-09-09":4.4764}}
INFO  | 2019-09-09 18:16:15 | [main] exchangerates.ExchangeRatesService (ExchangeRates.java:20) - Initializing...
INFO  | 2019-09-09 18:16:15 | [main] exchangerates.ExchangeRatesService (ExchangeRates.java:39) - Retrieving rates page...
DEBUG | 2019-09-09 18:16:16 | [main] exchangerates.ExchangeRatesService (ExchangeRates.java:25) - Rates: {CHF=1.0923, HRK=7.3975, MXN=21.5254, ZAR=16.1931, INR=79.0815, CNY=7.861, THB=33.8, AUD=1.6066, ILS=3.8906, KRW=1315.99, JPY=118.01, PLN=4.3335, GBP=0.89275, IDR=15498.1, HUF=329.93, PHP=57.195, TRY=6.3176, RUB=72.1849, ISK=139.1, HKD=8.6503, DKK=7.4598, USD=1.1033, CAD=1.4515, MYR=4.6015, BGN=1.9558, NOK=9.8663, RON=4.7297, SGD=1.5223, CZK=25.855, SEK=10.6598, NZD=1.7129, BRL=4.4764}
INFO  | 2019-09-09 18:16:16 | [main] currencystorage.CurrencyStorageService (Mysql.java:31) - Establishing database connection...
DEBUG | 2019-09-09 18:16:16 | [main] currencystorage.CurrencyStorageService (Mysql.java:62) - CREATE TABLE: 0
INFO  | 2019-09-09 18:16:16 | [main] exchangerates.ExchangeRatesService (ExchangeRates.java:27) - Saving data to database...
DEBUG | 2019-09-09 18:16:16 | [main] currencystorage.CurrencyStorageService (Mysql.java:77) - INSERT: [1, 1, 1, 1, 1, 1, 1, 1, 1, 1, 1, 1, 1, 1, 1, 1, 1, 1, 1, 1, 1, 1, 1, 1, 1, 1, 1, 1, 1, 1, 1, 1]
INFO  | 2019-09-09 18:16:16 | [main] exchangerates.ExchangeRatesService (ExchangeRates.java:31) - Getting info from database...
DEBUG | 2019-09-09 18:16:16 | [main] exchangerates.ExchangeRatesService (ExchangeRates.java:33) - {CHF={2019-09-09=1.0923}, HRK={2019-09-09=7.3975}, MXN={2019-09-09=21.5254}, ZAR={2019-09-09=16.1931}, INR={2019-09-09=79.0815}, CNY={2019-09-09=7.861}, THB={2019-09-09=33.8}, AUD={2019-09-09=1.6066}, ILS={2019-09-09=3.8906}, KRW={2019-09-09=1315.99}, JPY={2019-09-09=118.01}, PLN={2019-09-09=4.3335}, GBP={2019-09-09=0.89275}, IDR={2019-09-09=15498.1}, HUF={2019-09-09=329.93}, PHP={2019-09-09=57.195}, TRY={2019-09-09=6.3176}, RUB={2019-09-09=72.1849}, HKD={2019-09-09=8.6503}, ISK={2019-09-09=139.1}, DKK={2019-09-09=7.4598}, CAD={2019-09-09=1.4515}, MYR={2019-09-09=4.6015}, USD={2019-09-09=1.1033}, BGN={2019-09-09=1.9558}, NOK={2019-09-09=9.8663}, RON={2019-09-09=4.7297}, SGD={2019-09-09=1.5223}, CZK={2019-09-09=25.855}, SEK={2019-09-09=10.6598}, NZD={2019-09-09=1.7129}, BRL={2019-09-09=4.4764}}
INFO  | 2019-09-09 18:16:16 | [main] exchangerates.ExchangeRatesService (ExchangeRates.java:35) - {"CHF":{"2019-09-09":1.0923},"HRK":{"2019-09-09":7.3975},"MXN":{"2019-09-09":21.5254},"ZAR":{"2019-09-09":16.1931},"INR":{"2019-09-09":79.0815},"CNY":{"2019-09-09":7.861},"THB":{"2019-09-09":33.8},"AUD":{"2019-09-09":1.6066},"ILS":{"2019-09-09":3.8906},"KRW":{"2019-09-09":1315.99},"JPY":{"2019-09-09":118.01},"PLN":{"2019-09-09":4.3335},"GBP":{"2019-09-09":0.89275},"IDR":{"2019-09-09":15498.1},"HUF":{"2019-09-09":329.93},"PHP":{"2019-09-09":57.195},"TRY":{"2019-09-09":6.3176},"RUB":{"2019-09-09":72.1849},"HKD":{"2019-09-09":8.6503},"ISK":{"2019-09-09":139.1},"DKK":{"2019-09-09":7.4598},"CAD":{"2019-09-09":1.4515},"MYR":{"2019-09-09":4.6015},"USD":{"2019-09-09":1.1033},"BGN":{"2019-09-09":1.9558},"NOK":{"2019-09-09":9.8663},"RON":{"2019-09-09":4.7297},"SGD":{"2019-09-09":1.5223},"CZK":{"2019-09-09":25.855},"SEK":{"2019-09-09":10.6598},"NZD":{"2019-09-09":1.7129},"BRL":{"2019-09-09":4.4764}}
INFO  | 2019-09-09 18:16:38 | [main] exchangerates.ExchangeRatesService (ExchangeRates.java:20) - Initializing...
INFO  | 2019-09-09 18:16:38 | [main] exchangerates.ExchangeRatesService (ExchangeRates.java:39) - Retrieving rates page...
DEBUG | 2019-09-09 18:16:39 | [main] exchangerates.ExchangeRatesService (ExchangeRates.java:25) - Rates: {CHF=1.0923, HRK=7.3975, MXN=21.5254, ZAR=16.1931, INR=79.0815, CNY=7.861, THB=33.8, AUD=1.6066, ILS=3.8906, KRW=1315.99, JPY=118.01, PLN=4.3335, GBP=0.89275, IDR=15498.1, HUF=329.93, PHP=57.195, TRY=6.3176, RUB=72.1849, ISK=139.1, HKD=8.6503, DKK=7.4598, USD=1.1033, CAD=1.4515, MYR=4.6015, BGN=1.9558, NOK=9.8663, RON=4.7297, SGD=1.5223, CZK=25.855, SEK=10.6598, NZD=1.7129, BRL=4.4764}
INFO  | 2019-09-09 18:16:39 | [main] currencystorage.CurrencyStorageService (Mysql.java:31) - Establishing database connection...
DEBUG | 2019-09-09 18:16:40 | [main] currencystorage.CurrencyStorageService (Mysql.java:62) - CREATE TABLE: 0
INFO  | 2019-09-09 18:16:40 | [main] exchangerates.ExchangeRatesService (ExchangeRates.java:27) - Saving data to database...
DEBUG | 2019-09-09 18:16:40 | [main] currencystorage.CurrencyStorageService (Mysql.java:77) - INSERT: [1, 1, 1, 1, 1, 1, 1, 1, 1, 1, 1, 1, 1, 1, 1, 1, 1, 1, 1, 1, 1, 1, 1, 1, 1, 1, 1, 1, 1, 1, 1, 1]
INFO  | 2019-09-09 18:16:40 | [main] exchangerates.ExchangeRatesService (ExchangeRates.java:31) - Getting info from database...
INFO  | 2019-09-09 18:16:40 | [main] exchangerates.ExchangeRatesService (ExchangeRates.java:35) - {"CHF":{"2019-09-09":1.0923},"HRK":{"2019-09-09":7.3975},"MXN":{"2019-09-09":21.5254},"ZAR":{"2019-09-09":16.1931},"INR":{"2019-09-09":79.0815},"CNY":{"2019-09-09":7.861},"THB":{"2019-09-09":33.8},"AUD":{"2019-09-09":1.6066},"ILS":{"2019-09-09":3.8906},"KRW":{"2019-09-09":1315.99},"JPY":{"2019-09-09":118.01},"PLN":{"2019-09-09":4.3335},"GBP":{"2019-09-09":0.89275},"IDR":{"2019-09-09":15498.1},"HUF":{"2019-09-09":329.93},"PHP":{"2019-09-09":57.195},"TRY":{"2019-09-09":6.3176},"RUB":{"2019-09-09":72.1849},"HKD":{"2019-09-09":8.6503},"ISK":{"2019-09-09":139.1},"DKK":{"2019-09-09":7.4598},"CAD":{"2019-09-09":1.4515},"MYR":{"2019-09-09":4.6015},"USD":{"2019-09-09":1.1033},"BGN":{"2019-09-09":1.9558},"NOK":{"2019-09-09":9.8663},"RON":{"2019-09-09":4.7297},"SGD":{"2019-09-09":1.5223},"CZK":{"2019-09-09":25.855},"SEK":{"2019-09-09":10.6598},"NZD":{"2019-09-09":1.7129},"BRL":{"2019-09-09":4.4764}}
INFO  | 2019-09-10 20:23:52 | [main] exchangerates.Main (Main.java:26) - Initializing...
INFO  | 2019-09-10 20:23:52 | [main] exchangerates.ExchangeRatesService (ExchangeRatesService.java:31) - Retrieving rates page...
DEBUG | 2019-09-10 20:23:53 | [main] exchangerates.Main (Main.java:30) - Rates: {CHF=1.0943, HRK=7.3938, MXN=21.5665, ZAR=16.1993, INR=79.3815, CNY=7.8445, THB=33.799, AUD=1.6103, ILS=3.9085, KRW=1315.87, JPY=118.52, PLN=4.3339, GBP=0.89300, IDR=15505.68, HUF=331.61, PHP=57.425, TRY=6.3736, RUB=72.2447, ISK=138.70, HKD=8.6559, DKK=7.4608, USD=1.1040, CAD=1.4536, MYR=4.6053, BGN=1.9558, NOK=9.9125, RON=4.7334, SGD=1.5227, CZK=25.869, SEK=10.7445, NZD=1.7194, BRL=4.5234}
INFO  | 2019-09-10 20:23:53 | [main] currencystorage.CurrencyStorageService (CurrencyStorageService.java:46) - Establishing database connection...
ERROR | 2019-09-10 20:23:54 | [main] currencystorage.CurrencyStorageService (CurrencyStorageService.java:62) - RDBMS error while opening connection: 
java.sql.SQLException: No timezone mapping entry for 'Europe/Riga"'
	at com.mysql.cj.jdbc.exceptions.SQLError.createSQLException(SQLError.java:129) ~[mysql-connector-java-8.0.17.jar:8.0.17]
	at com.mysql.cj.jdbc.exceptions.SQLError.createSQLException(SQLError.java:97) ~[mysql-connector-java-8.0.17.jar:8.0.17]
	at com.mysql.cj.jdbc.exceptions.SQLError.createSQLException(SQLError.java:89) ~[mysql-connector-java-8.0.17.jar:8.0.17]
	at com.mysql.cj.jdbc.exceptions.SQLError.createSQLException(SQLError.java:63) ~[mysql-connector-java-8.0.17.jar:8.0.17]
	at com.mysql.cj.jdbc.exceptions.SQLError.createSQLException(SQLError.java:73) ~[mysql-connector-java-8.0.17.jar:8.0.17]
	at com.mysql.cj.jdbc.exceptions.SQLExceptionsMapping.translateException(SQLExceptionsMapping.java:85) ~[mysql-connector-java-8.0.17.jar:8.0.17]
	at com.mysql.cj.jdbc.ConnectionImpl.createNewIO(ConnectionImpl.java:827) ~[mysql-connector-java-8.0.17.jar:8.0.17]
	at com.mysql.cj.jdbc.ConnectionImpl.<init>(ConnectionImpl.java:447) ~[mysql-connector-java-8.0.17.jar:8.0.17]
	at com.mysql.cj.jdbc.ConnectionImpl.getInstance(ConnectionImpl.java:237) ~[mysql-connector-java-8.0.17.jar:8.0.17]
	at com.mysql.cj.jdbc.NonRegisteringDriver.connect(NonRegisteringDriver.java:199) ~[mysql-connector-java-8.0.17.jar:8.0.17]
	at java.sql.DriverManager.getConnection(DriverManager.java:664) ~[?:1.8.0_222]
	at java.sql.DriverManager.getConnection(DriverManager.java:247) ~[?:1.8.0_222]
	at currencystorage.CurrencyStorageService.openConnection(CurrencyStorageService.java:56) [classes/:?]
	at currencystorage.CurrencyStorageService.<init>(CurrencyStorageService.java:47) [classes/:?]
	at exchangerates.Main.main(Main.java:31) [classes/:?]
Caused by: com.mysql.cj.exceptions.WrongArgumentException: No timezone mapping entry for 'Europe/Riga"'
	at sun.reflect.NativeConstructorAccessorImpl.newInstance0(Native Method) ~[?:1.8.0_222]
	at sun.reflect.NativeConstructorAccessorImpl.newInstance(NativeConstructorAccessorImpl.java:62) ~[?:1.8.0_222]
	at sun.reflect.DelegatingConstructorAccessorImpl.newInstance(DelegatingConstructorAccessorImpl.java:45) ~[?:1.8.0_222]
	at java.lang.reflect.Constructor.newInstance(Constructor.java:423) ~[?:1.8.0_222]
	at com.mysql.cj.exceptions.ExceptionFactory.createException(ExceptionFactory.java:61) ~[mysql-connector-java-8.0.17.jar:8.0.17]
	at com.mysql.cj.exceptions.ExceptionFactory.createException(ExceptionFactory.java:85) ~[mysql-connector-java-8.0.17.jar:8.0.17]
	at com.mysql.cj.protocol.a.NativeProtocol.configureTimezone(NativeProtocol.java:2153) ~[mysql-connector-java-8.0.17.jar:8.0.17]
	at com.mysql.cj.protocol.a.NativeProtocol.initServerSession(NativeProtocol.java:2163) ~[mysql-connector-java-8.0.17.jar:8.0.17]
	at com.mysql.cj.jdbc.ConnectionImpl.initializePropsFromServer(ConnectionImpl.java:1301) ~[mysql-connector-java-8.0.17.jar:8.0.17]
	at com.mysql.cj.jdbc.ConnectionImpl.connectOneTryOnly(ConnectionImpl.java:958) ~[mysql-connector-java-8.0.17.jar:8.0.17]
	at com.mysql.cj.jdbc.ConnectionImpl.createNewIO(ConnectionImpl.java:817) ~[mysql-connector-java-8.0.17.jar:8.0.17]
	... 8 more
INFO  | 2019-09-10 20:24:39 | [main] exchangerates.Main (Main.java:26) - Initializing...
INFO  | 2019-09-10 20:24:39 | [main] exchangerates.ExchangeRatesService (ExchangeRatesService.java:31) - Retrieving rates page...
DEBUG | 2019-09-10 20:24:40 | [main] exchangerates.Main (Main.java:30) - Rates: {CHF=1.0943, HRK=7.3938, MXN=21.5665, ZAR=16.1993, INR=79.3815, CNY=7.8445, THB=33.799, AUD=1.6103, ILS=3.9085, KRW=1315.87, JPY=118.52, PLN=4.3339, GBP=0.89300, IDR=15505.68, HUF=331.61, PHP=57.425, TRY=6.3736, RUB=72.2447, ISK=138.70, HKD=8.6559, DKK=7.4608, USD=1.1040, CAD=1.4536, MYR=4.6053, BGN=1.9558, NOK=9.9125, RON=4.7334, SGD=1.5227, CZK=25.869, SEK=10.7445, NZD=1.7194, BRL=4.5234}
INFO  | 2019-09-10 20:24:40 | [main] currencystorage.CurrencyStorageService (CurrencyStorageService.java:46) - Establishing database connection...
INFO  | 2019-09-10 20:24:41 | [main] currencystorage.CurrencyStorageService (CurrencyStorageService.java:48) - Initializing table...
INFO  | 2019-09-10 20:24:41 | [main] exchangerates.Main (Main.java:32) - Saving data to database...
INFO  | 2019-09-10 20:24:41 | [main] exchangerates.Main (Main.java:36) - Getting info from database...
INFO  | 2019-09-10 20:24:41 | [main] exchangerates.Main (Main.java:41) - {}
INFO  | 2019-09-10 20:26:08 | [main] exchangerates.Main (Main.java:26) - Initializing...
INFO  | 2019-09-10 20:26:08 | [main] exchangerates.ExchangeRatesService (ExchangeRatesService.java:31) - Retrieving rates page...
DEBUG | 2019-09-10 20:26:09 | [main] exchangerates.Main (Main.java:30) - Rates: {CHF=1.0943, HRK=7.3938, MXN=21.5665, ZAR=16.1993, INR=79.3815, CNY=7.8445, THB=33.799, AUD=1.6103, ILS=3.9085, KRW=1315.87, JPY=118.52, PLN=4.3339, GBP=0.89300, IDR=15505.68, HUF=331.61, PHP=57.425, TRY=6.3736, RUB=72.2447, ISK=138.70, HKD=8.6559, DKK=7.4608, USD=1.1040, CAD=1.4536, MYR=4.6053, BGN=1.9558, NOK=9.9125, RON=4.7334, SGD=1.5227, CZK=25.869, SEK=10.7445, NZD=1.7194, BRL=4.5234}
INFO  | 2019-09-10 20:26:09 | [main] currencystorage.CurrencyStorageService (CurrencyStorageService.java:46) - Establishing database connection...
INFO  | 2019-09-10 20:26:09 | [main] currencystorage.CurrencyStorageService (CurrencyStorageService.java:48) - Initializing table...
INFO  | 2019-09-10 20:26:09 | [main] exchangerates.Main (Main.java:32) - Saving data to database...
INFO  | 2019-09-10 20:26:09 | [main] exchangerates.Main (Main.java:36) - Getting info from database...
INFO  | 2019-09-10 20:26:10 | [main] exchangerates.Main (Main.java:41) - {}
INFO  | 2019-09-10 20:26:50 | [main] exchangerates.Main (Main.java:26) - Initializing...
INFO  | 2019-09-10 20:26:50 | [main] exchangerates.ExchangeRatesService (ExchangeRatesService.java:31) - Retrieving rates page...
INFO  | 2019-09-10 20:26:51 | [main] currencystorage.CurrencyStorageService (CurrencyStorageService.java:46) - Establishing database connection...
INFO  | 2019-09-10 20:26:51 | [main] currencystorage.CurrencyStorageService (CurrencyStorageService.java:48) - Initializing table...
DEBUG | 2019-09-10 20:26:51 | [main] currencystorage.CurrencyStorageService (CurrencyStorageService.java:71) - CREATE TABLE: 0
INFO  | 2019-09-10 20:26:51 | [main] exchangerates.Main (Main.java:32) - Saving data to database...
DEBUG | 2019-09-10 20:26:51 | [main] currencystorage.CurrencyStorageService (CurrencyStorageService.java:92) - INSERT: [1, 1, 1, 1, 1, 1, 1, 1, 1, 1, 1, 1, 1, 1, 1, 1, 1, 1, 1, 1, 1, 1, 1, 1, 1, 1, 1, 1, 1, 1, 1, 1]
INFO  | 2019-09-10 20:26:51 | [main] exchangerates.Main (Main.java:36) - Getting info from database...
DEBUG | 2019-09-10 20:26:51 | [main] currencystorage.CurrencyStorageService (CurrencyStorageService.java:115) - SELECT date, currency, spot FROM exchange_rates WHERE date = '2019-09-10 00:00:00.0'
INFO  | 2019-09-10 20:26:51 | [main] exchangerates.Main (Main.java:41) - {}
INFO  | 2019-09-10 20:27:12 | [main] exchangerates.Main (Main.java:26) - Initializing...
INFO  | 2019-09-10 20:27:12 | [main] exchangerates.ExchangeRatesService (ExchangeRatesService.java:31) - Retrieving rates page...
INFO  | 2019-09-10 20:27:13 | [main] currencystorage.CurrencyStorageService (CurrencyStorageService.java:46) - Establishing database connection...
INFO  | 2019-09-10 20:27:14 | [main] currencystorage.CurrencyStorageService (CurrencyStorageService.java:48) - Initializing table...
DEBUG | 2019-09-10 20:27:14 | [main] currencystorage.CurrencyStorageService (CurrencyStorageService.java:71) - CREATE TABLE: 0
INFO  | 2019-09-10 20:27:14 | [main] exchangerates.Main (Main.java:32) - Saving data to database...
DEBUG | 2019-09-10 20:27:14 | [main] currencystorage.CurrencyStorageService (CurrencyStorageService.java:92) - INSERT: [1, 1, 1, 1, 1, 1, 1, 1, 1, 1, 1, 1, 1, 1, 1, 1, 1, 1, 1, 1, 1, 1, 1, 1, 1, 1, 1, 1, 1, 1, 1, 1]
INFO  | 2019-09-10 20:27:14 | [main] exchangerates.Main (Main.java:36) - Getting info from database...
DEBUG | 2019-09-10 20:27:14 | [main] currencystorage.CurrencyStorageService (CurrencyStorageService.java:115) - SELECT date, currency, spot FROM exchange_rates WHERE date > '2019-09-10 00:00:00.0'
INFO  | 2019-09-10 20:27:14 | [main] exchangerates.Main (Main.java:41) - {"CHF":{"2019-09-10T20:27:14":1.09,"2019-09-10T20:24:41":1.09,"2019-09-10T20:26:52":1.09,"2019-09-10T20:26:10":1.09},"HRK":{"2019-09-10T20:27:14":7.39,"2019-09-10T20:24:41":7.39,"2019-09-10T20:26:52":7.39,"2019-09-10T20:26:10":7.39},"MXN":{"2019-09-10T20:27:14":21.57,"2019-09-10T20:24:41":21.57,"2019-09-10T20:26:52":21.57,"2019-09-10T20:26:10":21.57},"ZAR":{"2019-09-10T20:27:14":16.2,"2019-09-10T20:24:41":16.2,"2019-09-10T20:26:52":16.2,"2019-09-10T20:26:10":16.2},"INR":{"2019-09-10T20:27:14":79.38,"2019-09-10T20:24:41":79.38,"2019-09-10T20:26:52":79.38,"2019-09-10T20:26:10":79.38},"CNY":{"2019-09-10T20:27:14":7.84,"2019-09-10T20:24:41":7.84,"2019-09-10T20:26:52":7.84,"2019-09-10T20:26:10":7.84},"THB":{"2019-09-10T20:27:14":33.8,"2019-09-10T20:24:41":33.8,"2019-09-10T20:26:52":33.8,"2019-09-10T20:26:10":33.8},"AUD":{"2019-09-10T20:27:14":1.61,"2019-09-10T20:24:41":1.61,"2019-09-10T20:26:52":1.61,"2019-09-10T20:26:10":1.61},"ILS":{"2019-09-10T20:27:14":3.91,"2019-09-10T20:24:41":3.91,"2019-09-10T20:26:52":3.91,"2019-09-10T20:26:10":3.91},"KRW":{"2019-09-10T20:27:14":1315.87,"2019-09-10T20:24:41":1315.87,"2019-09-10T20:26:52":1315.87,"2019-09-10T20:26:10":1315.87},"JPY":{"2019-09-10T20:27:14":118.52,"2019-09-10T20:24:41":118.52,"2019-09-10T20:26:52":118.52,"2019-09-10T20:26:10":118.52},"PLN":{"2019-09-10T20:27:14":4.33,"2019-09-10T20:24:41":4.33,"2019-09-10T20:26:52":4.33,"2019-09-10T20:26:10":4.33},"GBP":{"2019-09-10T20:27:14":0.89,"2019-09-10T20:24:41":0.89,"2019-09-10T20:26:52":0.89,"2019-09-10T20:26:10":0.89},"IDR":{"2019-09-10T20:27:14":15505.68,"2019-09-10T20:24:41":15505.68,"2019-09-10T20:26:52":15505.68,"2019-09-10T20:26:10":15505.68},"HUF":{"2019-09-10T20:27:14":331.61,"2019-09-10T20:24:41":331.61,"2019-09-10T20:26:52":331.61,"2019-09-10T20:26:10":331.61},"PHP":{"2019-09-10T20:27:14":57.43,"2019-09-10T20:24:41":57.43,"2019-09-10T20:26:52":57.43,"2019-09-10T20:26:10":57.43},"TRY":{"2019-09-10T20:27:14":6.37,"2019-09-10T20:24:41":6.37,"2019-09-10T20:26:52":6.37,"2019-09-10T20:26:10":6.37},"RUB":{"2019-09-10T20:27:14":72.24,"2019-09-10T20:24:41":72.24,"2019-09-10T20:26:52":72.24,"2019-09-10T20:26:10":72.24},"HKD":{"2019-09-10T20:27:14":8.66,"2019-09-10T20:24:41":8.66,"2019-09-10T20:26:52":8.66,"2019-09-10T20:26:10":8.66},"ISK":{"2019-09-10T20:27:14":138.7,"2019-09-10T20:24:41":138.7,"2019-09-10T20:26:52":138.7,"2019-09-10T20:26:10":138.7},"DKK":{"2019-09-10T20:27:14":7.46,"2019-09-10T20:24:41":7.46,"2019-09-10T20:26:52":7.46,"2019-09-10T20:26:10":7.46},"CAD":{"2019-09-10T20:27:14":1.45,"2019-09-10T20:24:41":1.45,"2019-09-10T20:26:52":1.45,"2019-09-10T20:26:10":1.45},"MYR":{"2019-09-10T20:27:14":4.61,"2019-09-10T20:24:41":4.61,"2019-09-10T20:26:52":4.61,"2019-09-10T20:26:10":4.61},"USD":{"2019-09-10T20:27:14":1.1,"2019-09-10T20:24:41":1.1,"2019-09-10T20:26:52":1.1,"2019-09-10T20:26:10":1.1},"BGN":{"2019-09-10T20:27:14":1.96,"2019-09-10T20:24:41":1.96,"2019-09-10T20:26:52":1.96,"2019-09-10T20:26:10":1.96},"NOK":{"2019-09-10T20:27:14":9.91,"2019-09-10T20:24:41":9.91,"2019-09-10T20:26:52":9.91,"2019-09-10T20:26:10":9.91},"RON":{"2019-09-10T20:27:14":4.73,"2019-09-10T20:24:41":4.73,"2019-09-10T20:26:52":4.73,"2019-09-10T20:26:10":4.73},"SGD":{"2019-09-10T20:27:14":1.52,"2019-09-10T20:24:41":1.52,"2019-09-10T20:26:52":1.52,"2019-09-10T20:26:10":1.52},"CZK":{"2019-09-10T20:27:14":25.87,"2019-09-10T20:24:41":25.87,"2019-09-10T20:26:52":25.87,"2019-09-10T20:26:10":25.87},"SEK":{"2019-09-10T20:27:14":10.74,"2019-09-10T20:24:41":10.74,"2019-09-10T20:26:52":10.74,"2019-09-10T20:26:10":10.74},"NZD":{"2019-09-10T20:27:14":1.72,"2019-09-10T20:24:41":1.72,"2019-09-10T20:26:52":1.72,"2019-09-10T20:26:10":1.72},"BRL":{"2019-09-10T20:27:14":4.52,"2019-09-10T20:24:41":4.52,"2019-09-10T20:26:52":4.52,"2019-09-10T20:26:10":4.52}}
INFO  | 2019-09-10 23:53:06 | [main] exchangerates.Main (Main.java:26) - Initializing...
INFO  | 2019-09-10 23:53:06 | [main] exchangerates.ExchangeRatesService (ExchangeRatesService.java:31) - Retrieving rates page...
INFO  | 2019-09-10 23:53:08 | [main] currencystorage.CurrencyStorageService (CurrencyStorageService.java:46) - Establishing database connection...
INFO  | 2019-09-10 23:53:08 | [main] currencystorage.CurrencyStorageService (CurrencyStorageService.java:48) - Initializing table...
DEBUG | 2019-09-10 23:53:08 | [main] currencystorage.CurrencyStorageService (CurrencyStorageService.java:71) - CREATE TABLE: 0
INFO  | 2019-09-10 23:53:08 | [main] exchangerates.Main (Main.java:32) - Saving data to database...
DEBUG | 2019-09-10 23:53:08 | [main] currencystorage.CurrencyStorageService (CurrencyStorageService.java:92) - INSERT: [1, 1, 1, 1, 1, 1, 1, 1, 1, 1, 1, 1, 1, 1, 1, 1, 1, 1, 1, 1, 1, 1, 1, 1, 1, 1, 1, 1, 1, 1, 1, 1]
INFO  | 2019-09-10 23:53:08 | [main] exchangerates.Main (Main.java:36) - Getting info from database...
DEBUG | 2019-09-10 23:53:08 | [main] currencystorage.CurrencyStorageService (CurrencyStorageService.java:115) - SELECT date, currency, spot FROM exchange_rates WHERE date > '2019-09-10 00:00:00.0'
INFO  | 2019-09-10 23:53:08 | [main] exchangerates.Main (Main.java:41) - {"CHF":{"2019-09-10T23:53:08":1.09,"2019-09-10T20:27:14":1.09,"2019-09-10T20:24:41":1.09,"2019-09-10T20:26:52":1.09,"2019-09-10T20:26:10":1.09},"HRK":{"2019-09-10T23:53:08":7.39,"2019-09-10T20:27:14":7.39,"2019-09-10T20:24:41":7.39,"2019-09-10T20:26:52":7.39,"2019-09-10T20:26:10":7.39},"MXN":{"2019-09-10T23:53:08":21.57,"2019-09-10T20:27:14":21.57,"2019-09-10T20:24:41":21.57,"2019-09-10T20:26:52":21.57,"2019-09-10T20:26:10":21.57},"ZAR":{"2019-09-10T23:53:08":16.2,"2019-09-10T20:27:14":16.2,"2019-09-10T20:24:41":16.2,"2019-09-10T20:26:52":16.2,"2019-09-10T20:26:10":16.2},"INR":{"2019-09-10T23:53:08":79.38,"2019-09-10T20:27:14":79.38,"2019-09-10T20:24:41":79.38,"2019-09-10T20:26:52":79.38,"2019-09-10T20:26:10":79.38},"CNY":{"2019-09-10T23:53:08":7.84,"2019-09-10T20:27:14":7.84,"2019-09-10T20:24:41":7.84,"2019-09-10T20:26:52":7.84,"2019-09-10T20:26:10":7.84},"THB":{"2019-09-10T23:53:08":33.8,"2019-09-10T20:27:14":33.8,"2019-09-10T20:24:41":33.8,"2019-09-10T20:26:52":33.8,"2019-09-10T20:26:10":33.8},"AUD":{"2019-09-10T23:53:08":1.61,"2019-09-10T20:27:14":1.61,"2019-09-10T20:24:41":1.61,"2019-09-10T20:26:52":1.61,"2019-09-10T20:26:10":1.61},"ILS":{"2019-09-10T23:53:08":3.91,"2019-09-10T20:27:14":3.91,"2019-09-10T20:24:41":3.91,"2019-09-10T20:26:52":3.91,"2019-09-10T20:26:10":3.91},"KRW":{"2019-09-10T23:53:08":1315.87,"2019-09-10T20:27:14":1315.87,"2019-09-10T20:24:41":1315.87,"2019-09-10T20:26:52":1315.87,"2019-09-10T20:26:10":1315.87},"JPY":{"2019-09-10T23:53:08":118.52,"2019-09-10T20:27:14":118.52,"2019-09-10T20:24:41":118.52,"2019-09-10T20:26:52":118.52,"2019-09-10T20:26:10":118.52},"PLN":{"2019-09-10T23:53:08":4.33,"2019-09-10T20:27:14":4.33,"2019-09-10T20:24:41":4.33,"2019-09-10T20:26:52":4.33,"2019-09-10T20:26:10":4.33},"GBP":{"2019-09-10T23:53:08":0.89,"2019-09-10T20:27:14":0.89,"2019-09-10T20:24:41":0.89,"2019-09-10T20:26:52":0.89,"2019-09-10T20:26:10":0.89},"IDR":{"2019-09-10T23:53:08":15505.68,"2019-09-10T20:27:14":15505.68,"2019-09-10T20:24:41":15505.68,"2019-09-10T20:26:52":15505.68,"2019-09-10T20:26:10":15505.68},"HUF":{"2019-09-10T23:53:08":331.61,"2019-09-10T20:27:14":331.61,"2019-09-10T20:24:41":331.61,"2019-09-10T20:26:52":331.61,"2019-09-10T20:26:10":331.61},"PHP":{"2019-09-10T23:53:08":57.43,"2019-09-10T20:27:14":57.43,"2019-09-10T20:24:41":57.43,"2019-09-10T20:26:52":57.43,"2019-09-10T20:26:10":57.43},"TRY":{"2019-09-10T23:53:08":6.37,"2019-09-10T20:27:14":6.37,"2019-09-10T20:24:41":6.37,"2019-09-10T20:26:52":6.37,"2019-09-10T20:26:10":6.37},"RUB":{"2019-09-10T23:53:08":72.24,"2019-09-10T20:27:14":72.24,"2019-09-10T20:24:41":72.24,"2019-09-10T20:26:52":72.24,"2019-09-10T20:26:10":72.24},"HKD":{"2019-09-10T23:53:08":8.66,"2019-09-10T20:27:14":8.66,"2019-09-10T20:24:41":8.66,"2019-09-10T20:26:52":8.66,"2019-09-10T20:26:10":8.66},"ISK":{"2019-09-10T23:53:08":138.7,"2019-09-10T20:27:14":138.7,"2019-09-10T20:24:41":138.7,"2019-09-10T20:26:52":138.7,"2019-09-10T20:26:10":138.7},"DKK":{"2019-09-10T23:53:08":7.46,"2019-09-10T20:27:14":7.46,"2019-09-10T20:24:41":7.46,"2019-09-10T20:26:52":7.46,"2019-09-10T20:26:10":7.46},"CAD":{"2019-09-10T23:53:08":1.45,"2019-09-10T20:27:14":1.45,"2019-09-10T20:24:41":1.45,"2019-09-10T20:26:52":1.45,"2019-09-10T20:26:10":1.45},"MYR":{"2019-09-10T23:53:08":4.61,"2019-09-10T20:27:14":4.61,"2019-09-10T20:24:41":4.61,"2019-09-10T20:26:52":4.61,"2019-09-10T20:26:10":4.61},"USD":{"2019-09-10T23:53:08":1.1,"2019-09-10T20:27:14":1.1,"2019-09-10T20:24:41":1.1,"2019-09-10T20:26:52":1.1,"2019-09-10T20:26:10":1.1},"BGN":{"2019-09-10T23:53:08":1.96,"2019-09-10T20:27:14":1.96,"2019-09-10T20:24:41":1.96,"2019-09-10T20:26:52":1.96,"2019-09-10T20:26:10":1.96},"NOK":{"2019-09-10T23:53:08":9.91,"2019-09-10T20:27:14":9.91,"2019-09-10T20:24:41":9.91,"2019-09-10T20:26:52":9.91,"2019-09-10T20:26:10":9.91},"RON":{"2019-09-10T23:53:08":4.73,"2019-09-10T20:27:14":4.73,"2019-09-10T20:24:41":4.73,"2019-09-10T20:26:52":4.73,"2019-09-10T20:26:10":4.73},"SGD":{"2019-09-10T23:53:08":1.52,"2019-09-10T20:27:14":1.52,"2019-09-10T20:24:41":1.52,"2019-09-10T20:26:52":1.52,"2019-09-10T20:26:10":1.52},"CZK":{"2019-09-10T23:53:08":25.87,"2019-09-10T20:27:14":25.87,"2019-09-10T20:24:41":25.87,"2019-09-10T20:26:52":25.87,"2019-09-10T20:26:10":25.87},"SEK":{"2019-09-10T23:53:08":10.74,"2019-09-10T20:27:14":10.74,"2019-09-10T20:24:41":10.74,"2019-09-10T20:26:52":10.74,"2019-09-10T20:26:10":10.74},"NZD":{"2019-09-10T23:53:08":1.72,"2019-09-10T20:27:14":1.72,"2019-09-10T20:24:41":1.72,"2019-09-10T20:26:52":1.72,"2019-09-10T20:26:10":1.72},"BRL":{"2019-09-10T23:53:08":4.52,"2019-09-10T20:27:14":4.52,"2019-09-10T20:24:41":4.52,"2019-09-10T20:26:52":4.52,"2019-09-10T20:26:10":4.52}}
INFO  | 2019-09-11 00:25:48 | [main] exchangerates.Main (Main.java:26) - Initializing...
INFO  | 2019-09-11 00:25:48 | [main] exchangerates.ExchangeRatesService (ExchangeRatesService.java:31) - Retrieving rates page...
INFO  | 2019-09-11 00:25:48 | [main] currencystorage.CurrencyStorageService (CurrencyStorageService.java:50) - Establishing database connection...
INFO  | 2019-09-11 00:25:49 | [main] currencystorage.CurrencyStorageService (CurrencyStorageService.java:52) - Initializing table...
DEBUG | 2019-09-11 00:25:49 | [main] currencystorage.CurrencyStorageService (CurrencyStorageService.java:75) - CREATE TABLE: 0
INFO  | 2019-09-11 00:25:49 | [main] exchangerates.Main (Main.java:32) - Saving data to database...
DEBUG | 2019-09-11 00:25:49 | [main] currencystorage.CurrencyStorageService (CurrencyStorageService.java:94) - INSERT: [1, 1, 1, 1, 1, 1, 1, 1, 1, 1, 1, 1, 1, 1, 1, 1, 1, 1, 1, 1, 1, 1, 1, 1, 1, 1, 1, 1, 1, 1, 1, 1]
INFO  | 2019-09-11 00:25:49 | [main] exchangerates.Main (Main.java:36) - Getting info from database...
INFO  | 2019-09-11 00:26:10 | [main] exchangerates.Main (Main.java:26) - Initializing...
INFO  | 2019-09-11 00:26:10 | [main] exchangerates.ExchangeRatesService (ExchangeRatesService.java:31) - Retrieving rates page...
INFO  | 2019-09-11 00:26:10 | [main] currencystorage.CurrencyStorageService (CurrencyStorageService.java:50) - Establishing database connection...
INFO  | 2019-09-11 00:26:10 | [main] currencystorage.CurrencyStorageService (CurrencyStorageService.java:52) - Initializing table...
DEBUG | 2019-09-11 00:26:10 | [main] currencystorage.CurrencyStorageService (CurrencyStorageService.java:75) - CREATE TABLE: 0
INFO  | 2019-09-11 00:26:10 | [main] exchangerates.Main (Main.java:32) - Saving data to database...
DEBUG | 2019-09-11 00:26:10 | [main] currencystorage.CurrencyStorageService (CurrencyStorageService.java:94) - INSERT: [1, 1, 1, 1, 1, 1, 1, 1, 1, 1, 1, 1, 1, 1, 1, 1, 1, 1, 1, 1, 1, 1, 1, 1, 1, 1, 1, 1, 1, 1, 1, 1]
INFO  | 2019-09-11 00:26:10 | [main] exchangerates.Main (Main.java:36) - Getting info from database...
INFO  | 2019-09-11 00:28:29 | [main] exchangerates.Main (Main.java:26) - Initializing...
INFO  | 2019-09-11 00:28:29 | [main] exchangerates.ExchangeRatesService (ExchangeRatesService.java:31) - Retrieving rates page...
INFO  | 2019-09-11 00:28:30 | [main] currencystorage.CurrencyStorageService (CurrencyStorageService.java:50) - Establishing database connection...
INFO  | 2019-09-11 00:28:30 | [main] currencystorage.CurrencyStorageService (CurrencyStorageService.java:52) - Initializing table...
DEBUG | 2019-09-11 00:28:30 | [main] currencystorage.CurrencyStorageService (CurrencyStorageService.java:75) - CREATE TABLE: 0
INFO  | 2019-09-11 00:28:30 | [main] exchangerates.Main (Main.java:32) - Saving data to database...
DEBUG | 2019-09-11 00:28:30 | [main] currencystorage.CurrencyStorageService (CurrencyStorageService.java:94) - INSERT: [1, 1, 1, 1, 1, 1, 1, 1, 1, 1, 1, 1, 1, 1, 1, 1, 1, 1, 1, 1, 1, 1, 1, 1, 1, 1, 1, 1, 1, 1, 1, 1]
INFO  | 2019-09-11 00:28:30 | [main] exchangerates.Main (Main.java:36) - Getting info from database...
INFO  | 2019-09-11 00:28:30 | [main] exchangerates.Main (Main.java:41) - {"CHF":{"2019-09-11T00:25:49":1.09,"2019-09-11T00:28:30":1.09,"2019-09-11T00:26:11":1.09},"HRK":{"2019-09-11T00:25:49":7.39,"2019-09-11T00:28:30":7.39,"2019-09-11T00:26:11":7.39},"MXN":{"2019-09-11T00:25:49":21.57,"2019-09-11T00:28:30":21.57,"2019-09-11T00:26:11":21.57},"ZAR":{"2019-09-11T00:25:49":16.2,"2019-09-11T00:28:30":16.2,"2019-09-11T00:26:11":16.2},"INR":{"2019-09-11T00:25:49":79.38,"2019-09-11T00:28:30":79.38,"2019-09-11T00:26:11":79.38},"CNY":{"2019-09-11T00:25:49":7.84,"2019-09-11T00:28:30":7.84,"2019-09-11T00:26:11":7.84},"THB":{"2019-09-11T00:25:49":33.8,"2019-09-11T00:28:30":33.8,"2019-09-11T00:26:11":33.8},"AUD":{"2019-09-11T00:25:49":1.61,"2019-09-11T00:28:30":1.61,"2019-09-11T00:26:11":1.61},"ILS":{"2019-09-11T00:25:49":3.91,"2019-09-11T00:28:30":3.91,"2019-09-11T00:26:11":3.91},"KRW":{"2019-09-11T00:25:49":1315.87,"2019-09-11T00:28:30":1315.87,"2019-09-11T00:26:11":1315.87},"JPY":{"2019-09-11T00:25:49":118.52,"2019-09-11T00:28:30":118.52,"2019-09-11T00:26:11":118.52},"PLN":{"2019-09-11T00:25:49":4.33,"2019-09-11T00:28:30":4.33,"2019-09-11T00:26:11":4.33},"GBP":{"2019-09-11T00:25:49":0.89,"2019-09-11T00:28:30":0.89,"2019-09-11T00:26:11":0.89},"IDR":{"2019-09-11T00:25:49":15505.68,"2019-09-11T00:28:30":15505.68,"2019-09-11T00:26:11":15505.68},"HUF":{"2019-09-11T00:25:49":331.61,"2019-09-11T00:28:30":331.61,"2019-09-11T00:26:11":331.61},"PHP":{"2019-09-11T00:25:49":57.43,"2019-09-11T00:28:30":57.43,"2019-09-11T00:26:11":57.43},"TRY":{"2019-09-11T00:25:49":6.37,"2019-09-11T00:28:30":6.37,"2019-09-11T00:26:11":6.37},"RUB":{"2019-09-11T00:25:49":72.24,"2019-09-11T00:28:30":72.24,"2019-09-11T00:26:11":72.24},"HKD":{"2019-09-11T00:25:49":8.66,"2019-09-11T00:28:30":8.66,"2019-09-11T00:26:11":8.66},"ISK":{"2019-09-11T00:25:49":138.7,"2019-09-11T00:28:30":138.7,"2019-09-11T00:26:11":138.7},"DKK":{"2019-09-11T00:25:49":7.46,"2019-09-11T00:28:30":7.46,"2019-09-11T00:26:11":7.46},"CAD":{"2019-09-11T00:25:49":1.45,"2019-09-11T00:28:30":1.45,"2019-09-11T00:26:11":1.45},"MYR":{"2019-09-11T00:25:49":4.61,"2019-09-11T00:28:30":4.61,"2019-09-11T00:26:11":4.61},"USD":{"2019-09-11T00:25:49":1.1,"2019-09-11T00:28:30":1.1,"2019-09-11T00:26:11":1.1},"BGN":{"2019-09-11T00:25:49":1.96,"2019-09-11T00:28:30":1.96,"2019-09-11T00:26:11":1.96},"NOK":{"2019-09-11T00:25:49":9.91,"2019-09-11T00:28:30":9.91,"2019-09-11T00:26:11":9.91},"RON":{"2019-09-11T00:25:49":4.73,"2019-09-11T00:28:30":4.73,"2019-09-11T00:26:11":4.73},"SGD":{"2019-09-11T00:25:49":1.52,"2019-09-11T00:28:30":1.52,"2019-09-11T00:26:11":1.52},"CZK":{"2019-09-11T00:25:49":25.87,"2019-09-11T00:28:30":25.87,"2019-09-11T00:26:11":25.87},"SEK":{"2019-09-11T00:25:49":10.74,"2019-09-11T00:28:30":10.74,"2019-09-11T00:26:11":10.74},"NZD":{"2019-09-11T00:25:49":1.72,"2019-09-11T00:28:30":1.72,"2019-09-11T00:26:11":1.72},"BRL":{"2019-09-11T00:25:49":4.52,"2019-09-11T00:28:30":4.52,"2019-09-11T00:26:11":4.52}}
